2021-11-19 11:55:57.496  INFO 9092 --- [main] e.s.a.b.b.BulletinBoardApplication       : Starting BulletinBoardApplication using Java 17.0.1 on pc-rus-71-st-001 with PID 9092 (/home/user/IdeaProjects/BulletinBoard3/backend/target/classes started by user in /home/user/IdeaProjects/BulletinBoard3)
2021-11-19 11:55:57.509  INFO 9092 --- [main] e.s.a.b.b.BulletinBoardApplication       : No active profile set, falling back to default profiles: default
2021-11-19 11:55:58.346  INFO 9092 --- [main] .s.d.r.c.RepositoryConfigurationDelegate : Bootstrapping Spring Data JPA repositories in DEFAULT mode.
2021-11-19 11:55:58.394  INFO 9092 --- [main] .s.d.r.c.RepositoryConfigurationDelegate : Finished Spring Data repository scanning in 42 ms. Found 9 JPA repository interfaces.
2021-11-19 11:55:58.741  INFO 9092 --- [main] trationDelegate$BeanPostProcessorChecker : Bean 'wsConfig' of type [eu.senla.alexbych.bulletinboard.backend.config.WsConfig$$EnhancerBySpringCGLIB$$700b53b5] is not eligible for getting processed by all BeanPostProcessors (for example: not eligible for auto-proxying)
2021-11-19 11:55:58.741  INFO 9092 --- [main] trationDelegate$BeanPostProcessorChecker : Bean 'org.springframework.ws.config.annotation.DelegatingWsConfiguration' of type [org.springframework.ws.config.annotation.DelegatingWsConfiguration$$EnhancerBySpringCGLIB$$1d191a07] is not eligible for getting processed by all BeanPostProcessors (for example: not eligible for auto-proxying)
2021-11-19 11:55:58.770  INFO 9092 --- [main] .w.s.a.s.AnnotationActionEndpointMapping : Supporting [WS-Addressing August 2004, WS-Addressing 1.0]
2021-11-19 11:55:58.993  INFO 9092 --- [main] o.s.b.w.embedded.tomcat.TomcatWebServer  : Tomcat initialized with port(s): 8080 (http)
2021-11-19 11:55:59.000  INFO 9092 --- [main] o.apache.catalina.core.StandardService   : Starting service [Tomcat]
2021-11-19 11:55:59.000  INFO 9092 --- [main] org.apache.catalina.core.StandardEngine  : Starting Servlet engine: [Apache Tomcat/9.0.53]
2021-11-19 11:55:59.084  INFO 9092 --- [main] o.a.c.c.C.[Tomcat].[localhost].[/]       : Initializing Spring embedded WebApplicationContext
2021-11-19 11:55:59.084  INFO 9092 --- [main] w.s.c.ServletWebServerApplicationContext : Root WebApplicationContext: initialization completed in 1437 ms
2021-11-19 11:55:59.175  INFO 9092 --- [main] com.zaxxer.hikari.HikariDataSource       : HikariPool-1 - Starting...
2021-11-19 11:55:59.353  INFO 9092 --- [main] com.zaxxer.hikari.HikariDataSource       : HikariPool-1 - Start completed.
2021-11-19 11:55:59.568  INFO 9092 --- [main] liquibase.lockservice                    : Successfully acquired change log lock
2021-11-19 11:55:59.851  INFO 9092 --- [main] liquibase.changelog                      : Reading from public.databasechangelog
2021-11-19 11:55:59.883  INFO 9092 --- [main] liquibase.lockservice                    : Successfully released change log lock
2021-11-19 11:55:59.889  INFO 9092 --- [main] liquibase.lockservice                    : Successfully acquired change log lock
2021-11-19 11:55:59.889  WARN 9092 --- [main] liquibase.hub                            : Skipping auto-registration
2021-11-19 11:55:59.896  INFO 9092 --- [main] liquibase.lockservice                    : Successfully released change log lock
2021-11-19 11:55:59.971  INFO 9092 --- [main] o.hibernate.jpa.internal.util.LogHelper  : HHH000204: Processing PersistenceUnitInfo [name: default]
2021-11-19 11:56:00.007  INFO 9092 --- [main] org.hibernate.Version                    : HHH000412: Hibernate ORM core version 5.4.32.Final
2021-11-19 11:56:00.106  INFO 9092 --- [main] o.hibernate.annotations.common.Version   : HCANN000001: Hibernate Commons Annotations {5.1.2.Final}
2021-11-19 11:56:00.179  INFO 9092 --- [main] org.hibernate.dialect.Dialect            : HHH000400: Using dialect: org.hibernate.dialect.PostgreSQL82Dialect
2021-11-19 11:56:00.543  INFO 9092 --- [main] o.h.e.t.j.p.i.JtaPlatformInitiator       : HHH000490: Using JtaPlatform implementation: [org.hibernate.engine.transaction.jta.platform.internal.NoJtaPlatform]
2021-11-19 11:56:00.548  INFO 9092 --- [main] j.LocalContainerEntityManagerFactoryBean : Initialized JPA EntityManagerFactory for persistence unit 'default'
2021-11-19 11:56:00.865  WARN 9092 --- [main] JpaBaseConfiguration$JpaWebConfiguration : spring.jpa.open-in-view is enabled by default. Therefore, database queries may be performed during view rendering. Explicitly configure spring.jpa.open-in-view to disable this warning
2021-11-19 11:56:01.364  INFO 9092 --- [main] o.s.s.web.DefaultSecurityFilterChain     : Will secure any request with [org.springframework.security.web.context.request.async.WebAsyncManagerIntegrationFilter@57e2d15c, org.springframework.security.web.context.SecurityContextPersistenceFilter@61c98f5, org.springframework.security.web.header.HeaderWriterFilter@458500d1, org.springframework.security.web.authentication.logout.LogoutFilter@64d0b8e3, eu.senla.alexbych.bulletinboard.backend.config.jwt.JwtFilter@6195ce27, org.springframework.security.web.savedrequest.RequestCacheAwareFilter@4624e3d1, org.springframework.security.web.servletapi.SecurityContextHolderAwareRequestFilter@4d62bb8b, org.springframework.security.web.authentication.AnonymousAuthenticationFilter@6810465, org.springframework.security.web.session.SessionManagementFilter@268eefe7, org.springframework.security.web.access.ExceptionTranslationFilter@2f4bc3ff, org.springframework.security.web.access.intercept.FilterSecurityInterceptor@173c0722]
2021-11-19 11:56:01.641  INFO 9092 --- [main] o.s.b.w.embedded.tomcat.TomcatWebServer  : Tomcat started on port(s): 8080 (http) with context path ''
2021-11-19 11:56:02.027  INFO 9092 --- [main] e.s.a.b.b.BulletinBoardApplication       : Started BulletinBoardApplication in 5.472 seconds (JVM running for 6.352)
2021-11-19 11:56:12.025  INFO 9092 --- [SpringApplicationShutdownHook] j.LocalContainerEntityManagerFactoryBean : Closing JPA EntityManagerFactory for persistence unit 'default'
2021-11-19 11:56:12.028  INFO 9092 --- [SpringApplicationShutdownHook] com.zaxxer.hikari.HikariDataSource       : HikariPool-1 - Shutdown initiated...
2021-11-19 11:56:12.042  INFO 9092 --- [SpringApplicationShutdownHook] com.zaxxer.hikari.HikariDataSource       : HikariPool-1 - Shutdown completed.
2021-11-19 14:10:20.044  INFO 14309 --- [main] e.s.a.b.b.BulletinBoardApplication       : Starting BulletinBoardApplication using Java 11.0.11 on pc-rus-71-st-001 with PID 14309 (/home/user/IdeaProjects/BulletinBoard3/backend/target/classes started by user in /home/user/IdeaProjects/BulletinBoard3)
2021-11-19 14:10:20.045  INFO 14309 --- [main] e.s.a.b.b.BulletinBoardApplication       : No active profile set, falling back to default profiles: default
2021-11-19 14:10:20.691  INFO 14309 --- [main] .s.d.r.c.RepositoryConfigurationDelegate : Bootstrapping Spring Data JPA repositories in DEFAULT mode.
2021-11-19 14:10:20.745  INFO 14309 --- [main] .s.d.r.c.RepositoryConfigurationDelegate : Finished Spring Data repository scanning in 49 ms. Found 9 JPA repository interfaces.
2021-11-19 14:10:21.110  INFO 14309 --- [main] trationDelegate$BeanPostProcessorChecker : Bean 'wsConfig' of type [eu.senla.alexbych.bulletinboard.backend.config.WsConfig$$EnhancerBySpringCGLIB$$73ffe0db] is not eligible for getting processed by all BeanPostProcessors (for example: not eligible for auto-proxying)
2021-11-19 14:10:21.111  INFO 14309 --- [main] trationDelegate$BeanPostProcessorChecker : Bean 'org.springframework.ws.config.annotation.DelegatingWsConfiguration' of type [org.springframework.ws.config.annotation.DelegatingWsConfiguration$$EnhancerBySpringCGLIB$$210da72d] is not eligible for getting processed by all BeanPostProcessors (for example: not eligible for auto-proxying)
2021-11-19 14:10:21.149  INFO 14309 --- [main] .w.s.a.s.AnnotationActionEndpointMapping : Supporting [WS-Addressing August 2004, WS-Addressing 1.0]
2021-11-19 14:10:21.364  INFO 14309 --- [main] o.s.b.w.embedded.tomcat.TomcatWebServer  : Tomcat initialized with port(s): 8080 (http)
2021-11-19 14:10:21.370  INFO 14309 --- [main] o.apache.catalina.core.StandardService   : Starting service [Tomcat]
2021-11-19 14:10:21.370  INFO 14309 --- [main] org.apache.catalina.core.StandardEngine  : Starting Servlet engine: [Apache Tomcat/9.0.53]
2021-11-19 14:10:21.418  INFO 14309 --- [main] o.a.c.c.C.[Tomcat].[localhost].[/]       : Initializing Spring embedded WebApplicationContext
2021-11-19 14:10:21.418  INFO 14309 --- [main] w.s.c.ServletWebServerApplicationContext : Root WebApplicationContext: initialization completed in 1336 ms
2021-11-19 14:10:21.494  INFO 14309 --- [main] com.zaxxer.hikari.HikariDataSource       : HikariPool-1 - Starting...
2021-11-19 14:10:21.669  INFO 14309 --- [main] com.zaxxer.hikari.HikariDataSource       : HikariPool-1 - Start completed.
2021-11-19 14:10:21.872  INFO 14309 --- [main] liquibase.lockservice                    : Successfully acquired change log lock
2021-11-19 14:10:22.223  INFO 14309 --- [main] liquibase.changelog                      : Reading from public.databasechangelog
2021-11-19 14:10:22.247  INFO 14309 --- [main] liquibase.lockservice                    : Successfully released change log lock
2021-11-19 14:10:22.252  INFO 14309 --- [main] liquibase.lockservice                    : Successfully acquired change log lock
2021-11-19 14:10:22.253  WARN 14309 --- [main] liquibase.hub                            : Skipping auto-registration
2021-11-19 14:10:22.259  INFO 14309 --- [main] liquibase.lockservice                    : Successfully released change log lock
2021-11-19 14:10:22.325  INFO 14309 --- [main] o.hibernate.jpa.internal.util.LogHelper  : HHH000204: Processing PersistenceUnitInfo [name: default]
2021-11-19 14:10:22.351  INFO 14309 --- [main] org.hibernate.Version                    : HHH000412: Hibernate ORM core version 5.4.32.Final
2021-11-19 14:10:22.426  INFO 14309 --- [main] o.hibernate.annotations.common.Version   : HCANN000001: Hibernate Commons Annotations {5.1.2.Final}
2021-11-19 14:10:22.507  INFO 14309 --- [main] org.hibernate.dialect.Dialect            : HHH000400: Using dialect: org.hibernate.dialect.PostgreSQL82Dialect
2021-11-19 14:10:22.950  INFO 14309 --- [main] o.h.e.t.j.p.i.JtaPlatformInitiator       : HHH000490: Using JtaPlatform implementation: [org.hibernate.engine.transaction.jta.platform.internal.NoJtaPlatform]
2021-11-19 14:10:22.956  INFO 14309 --- [main] j.LocalContainerEntityManagerFactoryBean : Initialized JPA EntityManagerFactory for persistence unit 'default'
2021-11-19 14:10:23.315  WARN 14309 --- [main] JpaBaseConfiguration$JpaWebConfiguration : spring.jpa.open-in-view is enabled by default. Therefore, database queries may be performed during view rendering. Explicitly configure spring.jpa.open-in-view to disable this warning
2021-11-19 14:10:23.805  INFO 14309 --- [main] o.s.s.web.DefaultSecurityFilterChain     : Will secure any request with [org.springframework.security.web.context.request.async.WebAsyncManagerIntegrationFilter@58f27c37, org.springframework.security.web.context.SecurityContextPersistenceFilter@4d609cc3, org.springframework.security.web.header.HeaderWriterFilter@59eff566, org.springframework.security.web.authentication.logout.LogoutFilter@7b381066, eu.senla.alexbych.bulletinboard.backend.config.jwt.JwtFilter@307eb95f, org.springframework.security.web.savedrequest.RequestCacheAwareFilter@7a7d25ca, org.springframework.security.web.servletapi.SecurityContextHolderAwareRequestFilter@3ff83cc8, org.springframework.security.web.authentication.AnonymousAuthenticationFilter@78ae34f7, org.springframework.security.web.session.SessionManagementFilter@4b548913, org.springframework.security.web.access.ExceptionTranslationFilter@4b682e71, org.springframework.security.web.access.intercept.FilterSecurityInterceptor@7a8316fa]
2021-11-19 14:10:24.112  INFO 14309 --- [main] o.s.b.w.embedded.tomcat.TomcatWebServer  : Tomcat started on port(s): 8080 (http) with context path ''
2021-11-19 14:10:24.448  INFO 14309 --- [main] e.s.a.b.b.BulletinBoardApplication       : Started BulletinBoardApplication in 5.354 seconds (JVM running for 7.041)
2021-11-19 14:10:31.702  INFO 14309 --- [SpringApplicationShutdownHook] j.LocalContainerEntityManagerFactoryBean : Closing JPA EntityManagerFactory for persistence unit 'default'
2021-11-19 14:10:31.705  INFO 14309 --- [SpringApplicationShutdownHook] com.zaxxer.hikari.HikariDataSource       : HikariPool-1 - Shutdown initiated...
2021-11-19 14:10:31.719  INFO 14309 --- [SpringApplicationShutdownHook] com.zaxxer.hikari.HikariDataSource       : HikariPool-1 - Shutdown completed.
2021-11-19 15:03:47.986  INFO 17951 --- [main] e.s.a.b.b.BulletinBoardApplication       : Starting BulletinBoardApplication using Java 17.0.1 on pc-rus-71-st-001 with PID 17951 (/home/user/IdeaProjects/BulletinBoard3/backend/target/classes started by user in /home/user/IdeaProjects/BulletinBoard3)
2021-11-19 15:03:47.988  INFO 17951 --- [main] e.s.a.b.b.BulletinBoardApplication       : No active profile set, falling back to default profiles: default
2021-11-19 15:03:49.309  INFO 17951 --- [main] .s.d.r.c.RepositoryConfigurationDelegate : Bootstrapping Spring Data JPA repositories in DEFAULT mode.
2021-11-19 15:03:49.434  INFO 17951 --- [main] .s.d.r.c.RepositoryConfigurationDelegate : Finished Spring Data repository scanning in 115 ms. Found 9 JPA repository interfaces.
2021-11-19 15:03:49.980  INFO 17951 --- [main] trationDelegate$BeanPostProcessorChecker : Bean 'wsConfig' of type [eu.senla.alexbych.bulletinboard.backend.config.WsConfig$$EnhancerBySpringCGLIB$$f90c4174] is not eligible for getting processed by all BeanPostProcessors (for example: not eligible for auto-proxying)
2021-11-19 15:03:49.981  INFO 17951 --- [main] trationDelegate$BeanPostProcessorChecker : Bean 'org.springframework.ws.config.annotation.DelegatingWsConfiguration' of type [org.springframework.ws.config.annotation.DelegatingWsConfiguration$$EnhancerBySpringCGLIB$$a61a07c6] is not eligible for getting processed by all BeanPostProcessors (for example: not eligible for auto-proxying)
2021-11-19 15:03:50.013  INFO 17951 --- [main] .w.s.a.s.AnnotationActionEndpointMapping : Supporting [WS-Addressing August 2004, WS-Addressing 1.0]
2021-11-19 15:03:50.294  INFO 17951 --- [main] o.s.b.w.embedded.tomcat.TomcatWebServer  : Tomcat initialized with port(s): 8080 (http)
2021-11-19 15:03:50.302  INFO 17951 --- [main] o.apache.catalina.core.StandardService   : Starting service [Tomcat]
2021-11-19 15:03:50.303  INFO 17951 --- [main] org.apache.catalina.core.StandardEngine  : Starting Servlet engine: [Apache Tomcat/9.0.53]
2021-11-19 15:03:50.421  INFO 17951 --- [main] o.a.c.c.C.[Tomcat].[localhost].[/]       : Initializing Spring embedded WebApplicationContext
2021-11-19 15:03:50.422  INFO 17951 --- [main] w.s.c.ServletWebServerApplicationContext : Root WebApplicationContext: initialization completed in 2377 ms
2021-11-19 15:03:50.550  INFO 17951 --- [main] com.zaxxer.hikari.HikariDataSource       : HikariPool-1 - Starting...
2021-11-19 15:03:50.777  INFO 17951 --- [main] com.zaxxer.hikari.HikariDataSource       : HikariPool-1 - Start completed.
2021-11-19 15:03:51.041  INFO 17951 --- [main] liquibase.lockservice                    : Successfully acquired change log lock
2021-11-19 15:03:51.331  INFO 17951 --- [main] liquibase.changelog                      : Reading from public.databasechangelog
2021-11-19 15:03:51.366  INFO 17951 --- [main] liquibase.lockservice                    : Successfully released change log lock
2021-11-19 15:03:51.370  INFO 17951 --- [main] liquibase.lockservice                    : Successfully acquired change log lock
2021-11-19 15:03:51.371  WARN 17951 --- [main] liquibase.hub                            : Skipping auto-registration
2021-11-19 15:03:51.377  INFO 17951 --- [main] liquibase.lockservice                    : Successfully released change log lock
2021-11-19 15:03:51.430  INFO 17951 --- [main] o.hibernate.jpa.internal.util.LogHelper  : HHH000204: Processing PersistenceUnitInfo [name: default]
2021-11-19 15:03:51.455  INFO 17951 --- [main] org.hibernate.Version                    : HHH000412: Hibernate ORM core version 5.4.32.Final
2021-11-19 15:03:51.512  INFO 17951 --- [main] o.hibernate.annotations.common.Version   : HCANN000001: Hibernate Commons Annotations {5.1.2.Final}
2021-11-19 15:03:51.559  INFO 17951 --- [main] org.hibernate.dialect.Dialect            : HHH000400: Using dialect: org.hibernate.dialect.PostgreSQL82Dialect
2021-11-19 15:03:51.911  INFO 17951 --- [main] o.h.e.t.j.p.i.JtaPlatformInitiator       : HHH000490: Using JtaPlatform implementation: [org.hibernate.engine.transaction.jta.platform.internal.NoJtaPlatform]
2021-11-19 15:03:51.916  INFO 17951 --- [main] j.LocalContainerEntityManagerFactoryBean : Initialized JPA EntityManagerFactory for persistence unit 'default'
2021-11-19 15:03:52.410  WARN 17951 --- [main] JpaBaseConfiguration$JpaWebConfiguration : spring.jpa.open-in-view is enabled by default. Therefore, database queries may be performed during view rendering. Explicitly configure spring.jpa.open-in-view to disable this warning
2021-11-19 15:03:52.991  INFO 17951 --- [main] o.s.s.web.DefaultSecurityFilterChain     : Will secure any request with [org.springframework.security.web.context.request.async.WebAsyncManagerIntegrationFilter@69d145f6, org.springframework.security.web.context.SecurityContextPersistenceFilter@33ac7934, org.springframework.security.web.header.HeaderWriterFilter@475753dd, org.springframework.security.web.authentication.logout.LogoutFilter@54151d07, eu.senla.alexbych.bulletinboard.backend.config.jwt.JwtFilter@1a6df932, org.springframework.security.web.savedrequest.RequestCacheAwareFilter@6f87bc6c, org.springframework.security.web.servletapi.SecurityContextHolderAwareRequestFilter@5120886f, org.springframework.security.web.authentication.AnonymousAuthenticationFilter@4a5e0faf, org.springframework.security.web.session.SessionManagementFilter@5a740449, org.springframework.security.web.access.ExceptionTranslationFilter@33c5e52f, org.springframework.security.web.access.intercept.FilterSecurityInterceptor@3b24fb6f]
2021-11-19 15:03:53.245  INFO 17951 --- [main] o.s.b.w.embedded.tomcat.TomcatWebServer  : Tomcat started on port(s): 8080 (http) with context path ''
2021-11-19 15:03:53.617  INFO 17951 --- [main] e.s.a.b.b.BulletinBoardApplication       : Started BulletinBoardApplication in 6.306 seconds (JVM running for 6.958)
2021-11-19 15:22:18.698  INFO 17951 --- [http-nio-8080-exec-1] o.a.c.c.C.[Tomcat].[localhost].[/]       : Initializing Spring DispatcherServlet 'dispatcherServlet'
2021-11-19 15:22:18.700  INFO 17951 --- [http-nio-8080-exec-1] o.s.web.servlet.DispatcherServlet        : Initializing Servlet 'dispatcherServlet'
2021-11-19 15:22:18.704  INFO 17951 --- [http-nio-8080-exec-1] o.s.web.servlet.DispatcherServlet        : Completed initialization in 2 ms
2021-11-19 15:22:18.714  INFO 17951 --- [http-nio-8080-exec-1] e.s.a.b.backend.config.jwt.JwtFilter     : do filter...
2021-11-19 15:22:18.719  INFO 17951 --- [http-nio-8080-exec-1] e.s.a.b.backend.config.jwt.JwtFilter     : do filter...
2021-11-19 15:22:18.734  INFO 17951 --- [http-nio-8080-exec-1] e.s.a.b.backend.config.jwt.JwtFilter     : do filter...
2021-11-19 15:22:18.853  INFO 17951 --- [http-nio-8080-exec-2] e.s.a.b.backend.config.jwt.JwtFilter     : do filter...
2021-11-19 15:22:18.861  INFO 17951 --- [http-nio-8080-exec-2] e.s.a.b.backend.config.jwt.JwtFilter     : do filter...
2021-11-19 15:22:18.866  INFO 17951 --- [http-nio-8080-exec-2] e.s.a.b.backend.config.jwt.JwtFilter     : do filter...
2021-11-19 15:22:28.868  INFO 17951 --- [http-nio-8080-exec-3] e.s.a.b.backend.config.jwt.JwtFilter     : do filter...
2021-11-19 15:22:28.870  INFO 17951 --- [http-nio-8080-exec-3] e.s.a.b.backend.config.jwt.JwtFilter     : do filter...
2021-11-19 15:22:28.881  INFO 17951 --- [http-nio-8080-exec-3] e.s.a.b.backend.config.jwt.JwtFilter     : do filter...
2021-11-19 15:22:36.404  INFO 17951 --- [http-nio-8080-exec-4] e.s.a.b.backend.config.jwt.JwtFilter     : do filter...
2021-11-19 15:22:36.406  INFO 17951 --- [http-nio-8080-exec-4] e.s.a.b.backend.config.jwt.JwtFilter     : do filter...
2021-11-19 15:22:36.410  INFO 17951 --- [http-nio-8080-exec-4] e.s.a.b.backend.config.jwt.JwtFilter     : do filter...
2021-11-19 15:29:57.792  INFO 17951 --- [SpringApplicationShutdownHook] j.LocalContainerEntityManagerFactoryBean : Closing JPA EntityManagerFactory for persistence unit 'default'
2021-11-19 15:29:57.794  INFO 17951 --- [SpringApplicationShutdownHook] com.zaxxer.hikari.HikariDataSource       : HikariPool-1 - Shutdown initiated...
2021-11-19 15:29:57.848  INFO 17951 --- [SpringApplicationShutdownHook] com.zaxxer.hikari.HikariDataSource       : HikariPool-1 - Shutdown completed.
2021-11-19 15:32:39.567  INFO 20313 --- [main] e.s.a.b.b.BulletinBoardApplication       : Starting BulletinBoardApplication using Java 17.0.1 on pc-rus-71-st-001 with PID 20313 (/home/user/IdeaProjects/BulletinBoard3/backend/target/classes started by user in /home/user/IdeaProjects/BulletinBoard3)
2021-11-19 15:32:39.575  INFO 20313 --- [main] e.s.a.b.b.BulletinBoardApplication       : No active profile set, falling back to default profiles: default
2021-11-19 15:32:40.246  INFO 20313 --- [main] .s.d.r.c.RepositoryConfigurationDelegate : Bootstrapping Spring Data JPA repositories in DEFAULT mode.
2021-11-19 15:32:40.287  INFO 20313 --- [main] .s.d.r.c.RepositoryConfigurationDelegate : Finished Spring Data repository scanning in 36 ms. Found 9 JPA repository interfaces.
2021-11-19 15:32:40.626  INFO 20313 --- [main] trationDelegate$BeanPostProcessorChecker : Bean 'wsConfig' of type [eu.senla.alexbych.bulletinboard.backend.config.WsConfig$$EnhancerBySpringCGLIB$$73d7b280] is not eligible for getting processed by all BeanPostProcessors (for example: not eligible for auto-proxying)
2021-11-19 15:32:40.627  INFO 20313 --- [main] trationDelegate$BeanPostProcessorChecker : Bean 'org.springframework.ws.config.annotation.DelegatingWsConfiguration' of type [org.springframework.ws.config.annotation.DelegatingWsConfiguration$$EnhancerBySpringCGLIB$$20e578d2] is not eligible for getting processed by all BeanPostProcessors (for example: not eligible for auto-proxying)
2021-11-19 15:32:40.657  INFO 20313 --- [main] .w.s.a.s.AnnotationActionEndpointMapping : Supporting [WS-Addressing August 2004, WS-Addressing 1.0]
2021-11-19 15:32:40.834  INFO 20313 --- [main] o.s.b.w.embedded.tomcat.TomcatWebServer  : Tomcat initialized with port(s): 8080 (http)
2021-11-19 15:32:40.851  INFO 20313 --- [main] o.apache.catalina.core.StandardService   : Starting service [Tomcat]
2021-11-19 15:32:40.851  INFO 20313 --- [main] org.apache.catalina.core.StandardEngine  : Starting Servlet engine: [Apache Tomcat/9.0.53]
2021-11-19 15:32:40.933  INFO 20313 --- [main] o.a.c.c.C.[Tomcat].[localhost].[/]       : Initializing Spring embedded WebApplicationContext
2021-11-19 15:32:40.933  INFO 20313 --- [main] w.s.c.ServletWebServerApplicationContext : Root WebApplicationContext: initialization completed in 1309 ms
2021-11-19 15:32:41.020  INFO 20313 --- [main] com.zaxxer.hikari.HikariDataSource       : HikariPool-1 - Starting...
2021-11-19 15:32:41.197  INFO 20313 --- [main] com.zaxxer.hikari.HikariDataSource       : HikariPool-1 - Start completed.
2021-11-19 15:32:41.547  INFO 20313 --- [main] liquibase.lockservice                    : Successfully acquired change log lock
2021-11-19 15:32:41.843  INFO 20313 --- [main] liquibase.changelog                      : Reading from public.databasechangelog
2021-11-19 15:32:41.880  INFO 20313 --- [main] liquibase.lockservice                    : Successfully released change log lock
2021-11-19 15:32:41.885  INFO 20313 --- [main] liquibase.lockservice                    : Successfully acquired change log lock
2021-11-19 15:32:41.886  WARN 20313 --- [main] liquibase.hub                            : Skipping auto-registration
2021-11-19 15:32:41.892  INFO 20313 --- [main] liquibase.lockservice                    : Successfully released change log lock
2021-11-19 15:32:41.949  INFO 20313 --- [main] o.hibernate.jpa.internal.util.LogHelper  : HHH000204: Processing PersistenceUnitInfo [name: default]
2021-11-19 15:32:41.971  INFO 20313 --- [main] org.hibernate.Version                    : HHH000412: Hibernate ORM core version 5.4.32.Final
2021-11-19 15:32:42.030  INFO 20313 --- [main] o.hibernate.annotations.common.Version   : HCANN000001: Hibernate Commons Annotations {5.1.2.Final}
2021-11-19 15:32:42.142  INFO 20313 --- [main] org.hibernate.dialect.Dialect            : HHH000400: Using dialect: org.hibernate.dialect.PostgreSQL82Dialect
2021-11-19 15:32:42.502  INFO 20313 --- [main] o.h.e.t.j.p.i.JtaPlatformInitiator       : HHH000490: Using JtaPlatform implementation: [org.hibernate.engine.transaction.jta.platform.internal.NoJtaPlatform]
2021-11-19 15:32:42.507  INFO 20313 --- [main] j.LocalContainerEntityManagerFactoryBean : Initialized JPA EntityManagerFactory for persistence unit 'default'
2021-11-19 15:32:42.857  WARN 20313 --- [main] JpaBaseConfiguration$JpaWebConfiguration : spring.jpa.open-in-view is enabled by default. Therefore, database queries may be performed during view rendering. Explicitly configure spring.jpa.open-in-view to disable this warning
2021-11-19 15:32:43.302  INFO 20313 --- [main] o.s.s.web.DefaultSecurityFilterChain     : Will secure any request with [org.springframework.security.web.context.request.async.WebAsyncManagerIntegrationFilter@3be88cbf, org.springframework.security.web.context.SecurityContextPersistenceFilter@136480b, org.springframework.security.web.header.HeaderWriterFilter@10bae3c0, org.springframework.security.web.authentication.logout.LogoutFilter@22858c21, eu.senla.alexbych.bulletinboard.backend.config.jwt.JwtFilter@5bdef8ee, org.springframework.security.web.savedrequest.RequestCacheAwareFilter@272de8ab, org.springframework.security.web.servletapi.SecurityContextHolderAwareRequestFilter@44046b0d, org.springframework.security.web.authentication.AnonymousAuthenticationFilter@46cb9794, org.springframework.security.web.session.SessionManagementFilter@503b5337, org.springframework.security.web.access.ExceptionTranslationFilter@2e94655a, org.springframework.security.web.access.intercept.FilterSecurityInterceptor@219c10c2]
2021-11-19 15:32:43.566  INFO 20313 --- [main] o.s.b.w.embedded.tomcat.TomcatWebServer  : Tomcat started on port(s): 8080 (http) with context path ''
2021-11-19 15:32:43.990  INFO 20313 --- [main] e.s.a.b.b.BulletinBoardApplication       : Started BulletinBoardApplication in 4.789 seconds (JVM running for 5.535)
2021-11-19 15:34:10.133  INFO 20313 --- [SpringApplicationShutdownHook] j.LocalContainerEntityManagerFactoryBean : Closing JPA EntityManagerFactory for persistence unit 'default'
2021-11-19 15:34:10.135  INFO 20313 --- [SpringApplicationShutdownHook] com.zaxxer.hikari.HikariDataSource       : HikariPool-1 - Shutdown initiated...
2021-11-19 15:34:10.174  INFO 20313 --- [SpringApplicationShutdownHook] com.zaxxer.hikari.HikariDataSource       : HikariPool-1 - Shutdown completed.
2021-11-19 15:34:14.199  INFO 20510 --- [main] e.s.a.b.b.BulletinBoardApplication       : Starting BulletinBoardApplication using Java 17.0.1 on pc-rus-71-st-001 with PID 20510 (/home/user/IdeaProjects/BulletinBoard3/backend/target/classes started by user in /home/user/IdeaProjects/BulletinBoard3)
2021-11-19 15:34:14.215  INFO 20510 --- [main] e.s.a.b.b.BulletinBoardApplication       : No active profile set, falling back to default profiles: default
2021-11-19 15:34:14.888  INFO 20510 --- [main] .s.d.r.c.RepositoryConfigurationDelegate : Bootstrapping Spring Data JPA repositories in DEFAULT mode.
2021-11-19 15:34:14.928  INFO 20510 --- [main] .s.d.r.c.RepositoryConfigurationDelegate : Finished Spring Data repository scanning in 36 ms. Found 9 JPA repository interfaces.
2021-11-19 15:34:15.264  INFO 20510 --- [main] trationDelegate$BeanPostProcessorChecker : Bean 'wsConfig' of type [eu.senla.alexbych.bulletinboard.backend.config.WsConfig$$EnhancerBySpringCGLIB$$8424ea25] is not eligible for getting processed by all BeanPostProcessors (for example: not eligible for auto-proxying)
2021-11-19 15:34:15.264  INFO 20510 --- [main] trationDelegate$BeanPostProcessorChecker : Bean 'org.springframework.ws.config.annotation.DelegatingWsConfiguration' of type [org.springframework.ws.config.annotation.DelegatingWsConfiguration$$EnhancerBySpringCGLIB$$3132b077] is not eligible for getting processed by all BeanPostProcessors (for example: not eligible for auto-proxying)
2021-11-19 15:34:15.295  INFO 20510 --- [main] .w.s.a.s.AnnotationActionEndpointMapping : Supporting [WS-Addressing August 2004, WS-Addressing 1.0]
2021-11-19 15:34:15.452  INFO 20510 --- [main] o.s.b.w.embedded.tomcat.TomcatWebServer  : Tomcat initialized with port(s): 8080 (http)
2021-11-19 15:34:15.457  INFO 20510 --- [main] o.apache.catalina.core.StandardService   : Starting service [Tomcat]
2021-11-19 15:34:15.457  INFO 20510 --- [main] org.apache.catalina.core.StandardEngine  : Starting Servlet engine: [Apache Tomcat/9.0.53]
2021-11-19 15:34:15.540  INFO 20510 --- [main] o.a.c.c.C.[Tomcat].[localhost].[/]       : Initializing Spring embedded WebApplicationContext
2021-11-19 15:34:15.540  INFO 20510 --- [main] w.s.c.ServletWebServerApplicationContext : Root WebApplicationContext: initialization completed in 1272 ms
2021-11-19 15:34:15.623  INFO 20510 --- [main] com.zaxxer.hikari.HikariDataSource       : HikariPool-1 - Starting...
2021-11-19 15:34:15.791  INFO 20510 --- [main] com.zaxxer.hikari.HikariDataSource       : HikariPool-1 - Start completed.
2021-11-19 15:34:15.955  INFO 20510 --- [main] liquibase.lockservice                    : Successfully acquired change log lock
2021-11-19 15:34:16.229  INFO 20510 --- [main] liquibase.changelog                      : Reading from public.databasechangelog
2021-11-19 15:34:16.265  INFO 20510 --- [main] liquibase.lockservice                    : Successfully released change log lock
2021-11-19 15:34:16.272  INFO 20510 --- [main] liquibase.lockservice                    : Successfully acquired change log lock
2021-11-19 15:34:16.273  WARN 20510 --- [main] liquibase.hub                            : Skipping auto-registration
2021-11-19 15:34:16.284  INFO 20510 --- [main] liquibase.lockservice                    : Successfully released change log lock
2021-11-19 15:34:16.347  INFO 20510 --- [main] o.hibernate.jpa.internal.util.LogHelper  : HHH000204: Processing PersistenceUnitInfo [name: default]
2021-11-19 15:34:16.372  INFO 20510 --- [main] org.hibernate.Version                    : HHH000412: Hibernate ORM core version 5.4.32.Final
2021-11-19 15:34:16.441  INFO 20510 --- [main] o.hibernate.annotations.common.Version   : HCANN000001: Hibernate Commons Annotations {5.1.2.Final}
2021-11-19 15:34:16.511  INFO 20510 --- [main] org.hibernate.dialect.Dialect            : HHH000400: Using dialect: org.hibernate.dialect.PostgreSQL82Dialect
2021-11-19 15:34:16.859  INFO 20510 --- [main] o.h.e.t.j.p.i.JtaPlatformInitiator       : HHH000490: Using JtaPlatform implementation: [org.hibernate.engine.transaction.jta.platform.internal.NoJtaPlatform]
2021-11-19 15:34:16.864  INFO 20510 --- [main] j.LocalContainerEntityManagerFactoryBean : Initialized JPA EntityManagerFactory for persistence unit 'default'
2021-11-19 15:34:17.154  WARN 20510 --- [main] JpaBaseConfiguration$JpaWebConfiguration : spring.jpa.open-in-view is enabled by default. Therefore, database queries may be performed during view rendering. Explicitly configure spring.jpa.open-in-view to disable this warning
2021-11-19 15:34:17.592  INFO 20510 --- [main] o.s.s.web.DefaultSecurityFilterChain     : Will secure any request with [org.springframework.security.web.context.request.async.WebAsyncManagerIntegrationFilter@45ed58b, org.springframework.security.web.context.SecurityContextPersistenceFilter@33ed6546, org.springframework.security.web.header.HeaderWriterFilter@265361a, org.springframework.security.web.authentication.logout.LogoutFilter@31d64d0f, eu.senla.alexbych.bulletinboard.backend.config.jwt.JwtFilter@345d4ecb, org.springframework.security.web.savedrequest.RequestCacheAwareFilter@5eb4b746, org.springframework.security.web.servletapi.SecurityContextHolderAwareRequestFilter@6d2413e, org.springframework.security.web.authentication.AnonymousAuthenticationFilter@465e9090, org.springframework.security.web.session.SessionManagementFilter@d20e900, org.springframework.security.web.access.ExceptionTranslationFilter@67d6bb59, org.springframework.security.web.access.intercept.FilterSecurityInterceptor@4c020e58]
2021-11-19 15:34:17.849  INFO 20510 --- [main] o.s.b.w.embedded.tomcat.TomcatWebServer  : Tomcat started on port(s): 8080 (http) with context path ''
2021-11-19 15:34:18.214  INFO 20510 --- [main] e.s.a.b.b.BulletinBoardApplication       : Started BulletinBoardApplication in 4.329 seconds (JVM running for 5.026)
2021-11-19 15:35:21.651  INFO 20510 --- [http-nio-8080-exec-1] o.a.c.c.C.[Tomcat].[localhost].[/]       : Initializing Spring MessageDispatcherServlet 'messageDispatcherServlet'
2021-11-19 15:35:21.652  INFO 20510 --- [http-nio-8080-exec-1] o.s.w.t.http.MessageDispatcherServlet    : Initializing Servlet 'messageDispatcherServlet'
2021-11-19 15:35:21.655  INFO 20510 --- [http-nio-8080-exec-1] o.s.ws.soap.saaj.SaajSoapMessageFactory  : Creating SAAJ 1.3 MessageFactory with SOAP 1.1 Protocol
2021-11-19 15:35:21.662  INFO 20510 --- [http-nio-8080-exec-1] o.s.w.t.http.MessageDispatcherServlet    : Completed initialization in 10 ms
2021-11-19 15:35:21.689  INFO 20510 --- [http-nio-8080-exec-1] e.s.a.b.backend.config.jwt.JwtFilter     : do filter...
2021-11-19 15:35:21.692  INFO 20510 --- [http-nio-8080-exec-1] e.s.a.b.backend.config.jwt.JwtFilter     : do filter...
2021-11-19 15:36:42.592  INFO 20510 --- [http-nio-8080-exec-3] o.a.c.c.C.[Tomcat].[localhost].[/]       : Initializing Spring DispatcherServlet 'dispatcherServlet'
2021-11-19 15:36:42.592  INFO 20510 --- [http-nio-8080-exec-3] o.s.web.servlet.DispatcherServlet        : Initializing Servlet 'dispatcherServlet'
2021-11-19 15:36:42.593  INFO 20510 --- [http-nio-8080-exec-3] o.s.web.servlet.DispatcherServlet        : Completed initialization in 1 ms
2021-11-19 15:36:42.594  INFO 20510 --- [http-nio-8080-exec-3] e.s.a.b.backend.config.jwt.JwtFilter     : do filter...
2021-11-19 15:36:42.594  INFO 20510 --- [http-nio-8080-exec-3] e.s.a.b.backend.config.jwt.JwtFilter     : do filter...
2021-11-19 15:36:42.708  INFO 20510 --- [http-nio-8080-exec-4] e.s.a.b.backend.config.jwt.JwtFilter     : do filter...
2021-11-19 15:36:42.710  INFO 20510 --- [http-nio-8080-exec-4] e.s.a.b.backend.config.jwt.JwtFilter     : do filter...
2021-11-19 15:36:42.727  INFO 20510 --- [http-nio-8080-exec-5] e.s.a.b.backend.config.jwt.JwtFilter     : do filter...
2021-11-19 15:36:42.727  INFO 20510 --- [http-nio-8080-exec-6] e.s.a.b.backend.config.jwt.JwtFilter     : do filter...
2021-11-19 15:36:42.728  INFO 20510 --- [http-nio-8080-exec-5] e.s.a.b.backend.config.jwt.JwtFilter     : do filter...
2021-11-19 15:36:42.728  INFO 20510 --- [http-nio-8080-exec-6] e.s.a.b.backend.config.jwt.JwtFilter     : do filter...
2021-11-19 15:36:42.732  INFO 20510 --- [http-nio-8080-exec-8] e.s.a.b.backend.config.jwt.JwtFilter     : do filter...
2021-11-19 15:36:42.735  INFO 20510 --- [http-nio-8080-exec-8] e.s.a.b.backend.config.jwt.JwtFilter     : do filter...
2021-11-19 15:36:42.743  INFO 20510 --- [http-nio-8080-exec-7] e.s.a.b.backend.config.jwt.JwtFilter     : do filter...
2021-11-19 15:36:42.744  INFO 20510 --- [http-nio-8080-exec-7] e.s.a.b.backend.config.jwt.JwtFilter     : do filter...
2021-11-19 15:36:42.987  INFO 20510 --- [http-nio-8080-exec-9] e.s.a.b.backend.config.jwt.JwtFilter     : do filter...
2021-11-19 15:36:42.989  INFO 20510 --- [http-nio-8080-exec-9] e.s.a.b.backend.config.jwt.JwtFilter     : do filter...
2021-11-19 15:36:43.003  INFO 20510 --- [http-nio-8080-exec-10] e.s.a.b.backend.config.jwt.JwtFilter     : do filter...
2021-11-19 15:36:43.004  INFO 20510 --- [http-nio-8080-exec-10] e.s.a.b.backend.config.jwt.JwtFilter     : do filter...
2021-11-19 15:36:43.071  INFO 20510 --- [http-nio-8080-exec-1] e.s.a.b.backend.config.jwt.JwtFilter     : do filter...
2021-11-19 15:36:43.071  INFO 20510 --- [http-nio-8080-exec-1] e.s.a.b.backend.config.jwt.JwtFilter     : do filter...
2021-11-19 15:36:43.085  INFO 20510 --- [http-nio-8080-exec-2] e.s.a.b.backend.config.jwt.JwtFilter     : do filter...
2021-11-19 15:36:43.090  INFO 20510 --- [http-nio-8080-exec-2] e.s.a.b.backend.config.jwt.JwtFilter     : do filter...
2021-11-19 15:36:43.162  INFO 20510 --- [http-nio-8080-exec-3] e.s.a.b.backend.config.jwt.JwtFilter     : do filter...
2021-11-19 15:36:43.163  INFO 20510 --- [http-nio-8080-exec-3] e.s.a.b.backend.config.jwt.JwtFilter     : do filter...
2021-11-19 15:37:12.990  INFO 20510 --- [http-nio-8080-exec-4] e.s.a.b.backend.config.jwt.JwtFilter     : do filter...
2021-11-19 15:37:12.992  INFO 20510 --- [http-nio-8080-exec-4] e.s.a.b.backend.config.jwt.JwtFilter     : do filter...
2021-11-19 15:38:40.352  INFO 20510 --- [http-nio-8080-exec-9] e.s.a.b.backend.config.jwt.JwtFilter     : do filter...
2021-11-19 15:38:40.356  INFO 20510 --- [http-nio-8080-exec-9] e.s.a.b.backend.config.jwt.JwtFilter     : do filter...
2021-11-19 15:38:40.443  INFO 20510 --- [http-nio-8080-exec-10] e.s.a.b.backend.config.jwt.JwtFilter     : do filter...
2021-11-19 15:38:40.444  INFO 20510 --- [http-nio-8080-exec-10] e.s.a.b.backend.config.jwt.JwtFilter     : do filter...
2021-11-19 15:38:40.447  INFO 20510 --- [http-nio-8080-exec-10] e.s.a.b.backend.config.jwt.JwtFilter     : do filter...
2021-11-19 15:38:40.447  INFO 20510 --- [http-nio-8080-exec-1] e.s.a.b.backend.config.jwt.JwtFilter     : do filter...
2021-11-19 15:38:40.448  INFO 20510 --- [http-nio-8080-exec-1] e.s.a.b.backend.config.jwt.JwtFilter     : do filter...
2021-11-19 15:38:40.448  INFO 20510 --- [http-nio-8080-exec-10] e.s.a.b.backend.config.jwt.JwtFilter     : do filter...
2021-11-19 15:38:40.449  INFO 20510 --- [http-nio-8080-exec-2] e.s.a.b.backend.config.jwt.JwtFilter     : do filter...
2021-11-19 15:38:40.450  INFO 20510 --- [http-nio-8080-exec-2] e.s.a.b.backend.config.jwt.JwtFilter     : do filter...
2021-11-19 15:38:40.455  INFO 20510 --- [http-nio-8080-exec-3] e.s.a.b.backend.config.jwt.JwtFilter     : do filter...
2021-11-19 15:38:40.455  INFO 20510 --- [http-nio-8080-exec-3] e.s.a.b.backend.config.jwt.JwtFilter     : do filter...
2021-11-19 15:38:40.838  INFO 20510 --- [http-nio-8080-exec-4] e.s.a.b.backend.config.jwt.JwtFilter     : do filter...
2021-11-19 15:38:40.839  INFO 20510 --- [http-nio-8080-exec-4] e.s.a.b.backend.config.jwt.JwtFilter     : do filter...
2021-11-19 15:38:40.862  INFO 20510 --- [http-nio-8080-exec-5] e.s.a.b.backend.config.jwt.JwtFilter     : do filter...
2021-11-19 15:38:40.862  INFO 20510 --- [http-nio-8080-exec-5] e.s.a.b.backend.config.jwt.JwtFilter     : do filter...
2021-11-19 15:38:40.882  INFO 20510 --- [http-nio-8080-exec-8] e.s.a.b.backend.config.jwt.JwtFilter     : do filter...
2021-11-19 15:38:40.882  INFO 20510 --- [http-nio-8080-exec-8] e.s.a.b.backend.config.jwt.JwtFilter     : do filter...
2021-11-19 15:38:40.948  INFO 20510 --- [http-nio-8080-exec-7] e.s.a.b.backend.config.jwt.JwtFilter     : do filter...
2021-11-19 15:38:40.948  INFO 20510 --- [http-nio-8080-exec-7] e.s.a.b.backend.config.jwt.JwtFilter     : do filter...
2021-11-19 15:39:45.023  INFO 20510 --- [http-nio-8080-exec-3] e.s.a.b.backend.config.jwt.JwtFilter     : do filter...
2021-11-19 15:39:45.023  INFO 20510 --- [http-nio-8080-exec-3] e.s.a.b.backend.config.jwt.JwtFilter     : do filter...
2021-11-19 15:41:22.207  INFO 20510 --- [http-nio-8080-exec-4] e.s.a.b.backend.config.jwt.JwtFilter     : do filter...
2021-11-19 15:41:22.208  INFO 20510 --- [http-nio-8080-exec-4] e.s.a.b.backend.config.jwt.JwtFilter     : do filter...
2021-11-19 15:43:12.987  INFO 20510 --- [http-nio-8080-exec-8] e.s.a.b.backend.config.jwt.JwtFilter     : do filter...
2021-11-19 15:43:12.988  INFO 20510 --- [http-nio-8080-exec-8] e.s.a.b.backend.config.jwt.JwtFilter     : do filter...
2021-11-19 15:43:13.049  INFO 20510 --- [http-nio-8080-exec-7] e.s.a.b.backend.config.jwt.JwtFilter     : do filter...
2021-11-19 15:43:13.050  INFO 20510 --- [http-nio-8080-exec-7] e.s.a.b.backend.config.jwt.JwtFilter     : do filter...
2021-11-19 15:43:13.053  INFO 20510 --- [http-nio-8080-exec-9] e.s.a.b.backend.config.jwt.JwtFilter     : do filter...
2021-11-19 15:43:13.053  INFO 20510 --- [http-nio-8080-exec-2] e.s.a.b.backend.config.jwt.JwtFilter     : do filter...
2021-11-19 15:43:13.053  INFO 20510 --- [http-nio-8080-exec-9] e.s.a.b.backend.config.jwt.JwtFilter     : do filter...
2021-11-19 15:43:13.050  INFO 20510 --- [http-nio-8080-exec-6] e.s.a.b.backend.config.jwt.JwtFilter     : do filter...
2021-11-19 15:43:13.053  INFO 20510 --- [http-nio-8080-exec-6] e.s.a.b.backend.config.jwt.JwtFilter     : do filter...
2021-11-19 15:43:13.055  INFO 20510 --- [http-nio-8080-exec-1] e.s.a.b.backend.config.jwt.JwtFilter     : do filter...
2021-11-19 15:43:13.055  INFO 20510 --- [http-nio-8080-exec-1] e.s.a.b.backend.config.jwt.JwtFilter     : do filter...
2021-11-19 15:43:13.053  INFO 20510 --- [http-nio-8080-exec-2] e.s.a.b.backend.config.jwt.JwtFilter     : do filter...
2021-11-19 15:43:13.299  INFO 20510 --- [http-nio-8080-exec-3] e.s.a.b.backend.config.jwt.JwtFilter     : do filter...
2021-11-19 15:43:13.299  INFO 20510 --- [http-nio-8080-exec-3] e.s.a.b.backend.config.jwt.JwtFilter     : do filter...
2021-11-19 15:43:13.319  INFO 20510 --- [http-nio-8080-exec-10] e.s.a.b.backend.config.jwt.JwtFilter     : do filter...
2021-11-19 15:43:13.319  INFO 20510 --- [http-nio-8080-exec-10] e.s.a.b.backend.config.jwt.JwtFilter     : do filter...
2021-11-19 15:43:13.334  INFO 20510 --- [http-nio-8080-exec-4] e.s.a.b.backend.config.jwt.JwtFilter     : do filter...
2021-11-19 15:43:13.334  INFO 20510 --- [http-nio-8080-exec-4] e.s.a.b.backend.config.jwt.JwtFilter     : do filter...
2021-11-19 15:43:13.417  INFO 20510 --- [http-nio-8080-exec-5] e.s.a.b.backend.config.jwt.JwtFilter     : do filter...
2021-11-19 15:43:13.418  INFO 20510 --- [http-nio-8080-exec-5] e.s.a.b.backend.config.jwt.JwtFilter     : do filter...
2021-11-19 15:43:24.880  INFO 20510 --- [http-nio-8080-exec-8] e.s.a.b.backend.config.jwt.JwtFilter     : do filter...
2021-11-19 15:43:24.881  INFO 20510 --- [http-nio-8080-exec-8] e.s.a.b.backend.config.jwt.JwtFilter     : do filter...
2021-11-19 15:43:35.913  INFO 20510 --- [http-nio-8080-exec-7] e.s.a.b.backend.config.jwt.JwtFilter     : do filter...
2021-11-19 15:43:35.914  INFO 20510 --- [http-nio-8080-exec-7] e.s.a.b.backend.config.jwt.JwtFilter     : do filter...
2021-11-19 15:44:10.312  INFO 20510 --- [http-nio-8080-exec-6] e.s.a.b.backend.config.jwt.JwtFilter     : do filter...
2021-11-19 15:44:10.312  INFO 20510 --- [http-nio-8080-exec-6] e.s.a.b.backend.config.jwt.JwtFilter     : do filter...
2021-11-19 15:44:55.325  INFO 20510 --- [http-nio-8080-exec-10] e.s.a.b.backend.config.jwt.JwtFilter     : do filter...
2021-11-19 15:44:55.325  INFO 20510 --- [http-nio-8080-exec-10] e.s.a.b.backend.config.jwt.JwtFilter     : do filter...
2021-11-19 15:45:00.947  INFO 20510 --- [http-nio-8080-exec-4] e.s.a.b.backend.config.jwt.JwtFilter     : do filter...
2021-11-19 15:45:00.948  INFO 20510 --- [http-nio-8080-exec-4] e.s.a.b.backend.config.jwt.JwtFilter     : do filter...
2021-11-19 16:13:14.454  INFO 20510 --- [SpringApplicationShutdownHook] j.LocalContainerEntityManagerFactoryBean : Closing JPA EntityManagerFactory for persistence unit 'default'
2021-11-19 16:13:14.458  INFO 20510 --- [SpringApplicationShutdownHook] com.zaxxer.hikari.HikariDataSource       : HikariPool-1 - Shutdown initiated...
2021-11-19 16:13:14.475  INFO 20510 --- [SpringApplicationShutdownHook] com.zaxxer.hikari.HikariDataSource       : HikariPool-1 - Shutdown completed.
